[02:19:21] BrightYC: g
[02:19:34] BrightYC: !f
[17:07:01] BrightYC: !g
[17:07:42] BrightYC: !
[17:07:44] BrightYC: g
[17:07:48] BrightYC: Прифки
[17:10:35] BrightYC: !g
[17:10:40] BrightYC: g
[17:11:02] BrightYC: !f
[17:11:06] BrightYC: !f
[17:12:21] BrightYC: !
[17:12:23] BrightYC: !!!!
[17:13:07] BrightYC: 
[17:13:21] BrightYC: Привет-привет!
[17:18:01] BrightYC: g
[17:18:06] BrightYC: g
[17:18:14] BrightYC: Прифки
[17:18:18] BrightYC: п
[17:25:47] BrightYC: flepp]frp;lre
[18:26:17] BrightYC: а
[18:26:25] BrightYC: g
[18:26:28] BrightYC: g
[18:27:00] BrightYC: хуй
[18:27:35] BrightYC: 
[18:27:38] BrightYC: 
[18:28:13] BrightYC: 
[18:28:16] BrightYC: g
[18:28:35] BrightYC: g
[18:28:38] BrightYC: 
[18:29:00] BrightYC: g
[18:30:01] BrightYC: 
[18:30:15] BrightYC: 
[18:30:17] BrightYC: !g
[18:30:19] BrightYC: g
[18:31:55] BrightYC: t
[18:32:01] BrightYC: 
[18:32:04] BrightYC: !g
[18:33:30] BrightYC: g
[18:37:37] BarashkaBro: f
[18:37:49] BarashkaBro: f
[18:38:06] BarashkaBro: f
[18:38:07] BarashkaBro: f
[18:38:08] BarashkaBro: tf
[18:38:09] BarashkaBro: tf
[18:38:12] BarashkaBro: f
[18:38:41] BarashkaBro: f
[18:38:46] BarashkaBro: f
[18:39:16] BarashkaBro: f
[18:39:17] BarashkaBro: f
[18:39:18] BarashkaBro: f
[18:39:19] BarashkaBro: f
[18:39:21] BarashkaBro: f
[18:39:22] BarashkaBro: tf
[18:39:23] BarashkaBro: tf
[18:39:24] BarashkaBro: tf
[18:39:26] BarashkaBro: tf
[18:39:32] BarashkaBro: g
[18:39:33] BarashkaBro: g
[18:39:45] BarashkaBro: g
[18:41:11] BarashkaBro: f
[18:42:53] BarashkaBro: m
[18:43:08] BarashkaBro: f
[18:43:10] BarashkaBro: f
[18:44:04] BarashkaBro: g
[18:44:58] BrightYC: g
[18:44:59] BarashkaBro: g
[18:45:08] BarashkaBro: f
[18:45:19] BarashkaBro: f
[19:03:04] BrightYC: f
[19:03:17] BrightYC: f
[19:03:26] BrightYC: G
[19:03:31] BrightYC: g
[19:03:39] BrightYC: g
[19:04:13] BrightYC: g
[19:07:06] BrightYC: G
[19:07:28] BrightYC: 1
[19:07:30] BrightYC: 
[19:08:38] BrightYC: pex user BrightYC group
[19:08:57] BrightYC: fg
